<?xml version="1.0" encoding="UTF-8"?>
<testsuites name="PruebaConDatosVarios" time="213.15" tests="20" failures="0" skips="0" errors="0">
   <testsuite name="PruebaConDatosVarios" tests="20" failures="0" errors="0" time="213.15" skips="0" timestamp="2021-02-16 11:47:33" hostname="zamir - 192.168.0.18" id="Test Suites/PruebaConDatosVarios">
      <properties>
         <property name="deviceName" value=""/>
         <property name="devicePlatform" value=""/>
         <property name="logFolder" value="C:\\Users\\zamir\\git\\test-factorial-katalon\\Reports\\20210216_114730\\PruebaConDatosVarios\\20210216_114731"/>
         <property name="logFiles" value="C:\\Users\\zamir\\git\\test-factorial-katalon\\Reports\\20210216_114730\\PruebaConDatosVarios\\20210216_114731\\execution0.log"/>
         <property name="attachments" value=""/>
         <property name="hostName" value="zamir - 192.168.0.18"/>
         <property name="os" value="Windows 10 64bit"/>
         <property name="katalonVersion" value="null.null"/>
         <property name="browser" value="Chrome 88.0.4324.150"/>
         <property name="hostAddress" value="192.168.0.18"/>
         <property name="sessionId" value="88c2518deb2ab36c2b3a7c3b344f3a2d"/>
         <property name="seleniumVersion" value="3.141.59"/>
         <property name="proxyInformation" value="ProxyInformation { proxyOption=NO_PROXY, proxyServerType=HTTP, username=, password=********, proxyServerAddress=, proxyServerPort=0, executionList=&quot;&quot;, isApplyToDesiredCapabilities=true }"/>
         <property name="platform" value="Windows 10"/>
      </properties>
      <testcase name="Test Cases/PruebaDatosVarios" time="11.303" classname="Test Cases/PruebaDatosVarios" status="PASSED">
         <system-out><![CDATA[2021-02-16 11:47:34 - [TEST_CASE][PASSED] - Test Cases/PruebaDatosVarios: Test Cases/PruebaDatosVarios

2021-02-16 11:47:35 - [TEST_STEP][PASSED] - openBrowser(""): Browser is opened with url: ''

2021-02-16 11:47:35 - [MESSAGE][INFO] - Starting 'Chrome' driver

2021-02-16 11:47:35 - [MESSAGE][INFO] - Action delay is set to 0 milliseconds

2021-02-16 11:47:41 - [MESSAGE][PASSED] - Browser is opened with url: ''

2021-02-16 11:47:41 - [TEST_STEP][PASSED] - navigateToUrl("http://qainterview.pythonanywhere.com/"): Navigate to 'http://qainterview.pythonanywhere.com/' successfully

2021-02-16 11:47:44 - [MESSAGE][PASSED] - Navigate to 'http://qainterview.pythonanywhere.com/' successfully

2021-02-16 11:47:44 - [TEST_STEP][PASSED] - setText(findTestObject("Object Repository/Page_Factoriall/input_The greatest factorial calculator_number"), number): Text 'a' is set on object 'Object Repository/Page_Factoriall/input_The greatest factorial calculator_number'

2021-02-16 11:47:44 - [MESSAGE][PASSED] - Text 'a' is set on object 'Object Repository/Page_Factoriall/input_The greatest factorial calculator_number'

2021-02-16 11:47:44 - [TEST_STEP][PASSED] - click(findTestObject("Object Repository/Page_Factoriall/button_Calculate")): Object: 'Object Repository/Page_Factoriall/button_Calculate' is clicked on

2021-02-16 11:47:45 - [MESSAGE][PASSED] - Object: 'Object Repository/Page_Factoriall/button_Calculate' is clicked on

2021-02-16 11:47:45 - [TEST_STEP][PASSED] - closeBrowser(): Browser is closed

2021-02-16 11:47:45 - [MESSAGE][PASSED] - Browser is closed]]></system-out>
         <system-err><![CDATA[]]></system-err>
      </testcase>
      <testcase name="Test Cases/PruebaDatosVarios" time="10.346" classname="Test Cases/PruebaDatosVarios" status="PASSED">
         <system-out><![CDATA[2021-02-16 11:47:46 - [TEST_CASE][PASSED] - Test Cases/PruebaDatosVarios: Test Cases/PruebaDatosVarios

2021-02-16 11:47:46 - [TEST_STEP][PASSED] - openBrowser(""): Browser is opened with url: ''

2021-02-16 11:47:46 - [MESSAGE][INFO] - Starting 'Chrome' driver

2021-02-16 11:47:46 - [MESSAGE][INFO] - Action delay is set to 0 milliseconds

2021-02-16 11:47:52 - [MESSAGE][PASSED] - Browser is opened with url: ''

2021-02-16 11:47:52 - [TEST_STEP][PASSED] - navigateToUrl("http://qainterview.pythonanywhere.com/"): Navigate to 'http://qainterview.pythonanywhere.com/' successfully

2021-02-16 11:47:54 - [MESSAGE][PASSED] - Navigate to 'http://qainterview.pythonanywhere.com/' successfully

2021-02-16 11:47:54 - [TEST_STEP][PASSED] - setText(findTestObject("Object Repository/Page_Factoriall/input_The greatest factorial calculator_number"), number): Text 'b' is set on object 'Object Repository/Page_Factoriall/input_The greatest factorial calculator_number'

2021-02-16 11:47:55 - [MESSAGE][PASSED] - Text 'b' is set on object 'Object Repository/Page_Factoriall/input_The greatest factorial calculator_number'

2021-02-16 11:47:55 - [TEST_STEP][PASSED] - click(findTestObject("Object Repository/Page_Factoriall/button_Calculate")): Object: 'Object Repository/Page_Factoriall/button_Calculate' is clicked on

2021-02-16 11:47:55 - [MESSAGE][PASSED] - Object: 'Object Repository/Page_Factoriall/button_Calculate' is clicked on

2021-02-16 11:47:55 - [TEST_STEP][PASSED] - closeBrowser(): Browser is closed

2021-02-16 11:47:56 - [MESSAGE][PASSED] - Browser is closed]]></system-out>
         <system-err><![CDATA[]]></system-err>
      </testcase>
      <testcase name="Test Cases/PruebaDatosVarios" time="10.732" classname="Test Cases/PruebaDatosVarios" status="PASSED">
         <system-out><![CDATA[2021-02-16 11:47:56 - [TEST_CASE][PASSED] - Test Cases/PruebaDatosVarios: Test Cases/PruebaDatosVarios

2021-02-16 11:47:56 - [TEST_STEP][PASSED] - openBrowser(""): Browser is opened with url: ''

2021-02-16 11:47:56 - [MESSAGE][INFO] - Starting 'Chrome' driver

2021-02-16 11:47:56 - [MESSAGE][INFO] - Action delay is set to 0 milliseconds

2021-02-16 11:48:02 - [MESSAGE][PASSED] - Browser is opened with url: ''

2021-02-16 11:48:02 - [TEST_STEP][PASSED] - navigateToUrl("http://qainterview.pythonanywhere.com/"): Navigate to 'http://qainterview.pythonanywhere.com/' successfully

2021-02-16 11:48:04 - [MESSAGE][PASSED] - Navigate to 'http://qainterview.pythonanywhere.com/' successfully

2021-02-16 11:48:04 - [TEST_STEP][PASSED] - setText(findTestObject("Object Repository/Page_Factoriall/input_The greatest factorial calculator_number"), number): Text '0' is set on object 'Object Repository/Page_Factoriall/input_The greatest factorial calculator_number'

2021-02-16 11:48:05 - [MESSAGE][PASSED] - Text '0' is set on object 'Object Repository/Page_Factoriall/input_The greatest factorial calculator_number'

2021-02-16 11:48:05 - [TEST_STEP][PASSED] - click(findTestObject("Object Repository/Page_Factoriall/button_Calculate")): Object: 'Object Repository/Page_Factoriall/button_Calculate' is clicked on

2021-02-16 11:48:05 - [MESSAGE][PASSED] - Object: 'Object Repository/Page_Factoriall/button_Calculate' is clicked on

2021-02-16 11:48:05 - [TEST_STEP][PASSED] - closeBrowser(): Browser is closed

2021-02-16 11:48:07 - [MESSAGE][PASSED] - Browser is closed]]></system-out>
         <system-err><![CDATA[]]></system-err>
      </testcase>
      <testcase name="Test Cases/PruebaDatosVarios" time="10.266" classname="Test Cases/PruebaDatosVarios" status="PASSED">
         <system-out><![CDATA[2021-02-16 11:48:07 - [TEST_CASE][PASSED] - Test Cases/PruebaDatosVarios: Test Cases/PruebaDatosVarios

2021-02-16 11:48:07 - [TEST_STEP][PASSED] - openBrowser(""): Browser is opened with url: ''

2021-02-16 11:48:07 - [MESSAGE][INFO] - Starting 'Chrome' driver

2021-02-16 11:48:07 - [MESSAGE][INFO] - Action delay is set to 0 milliseconds

2021-02-16 11:48:13 - [MESSAGE][PASSED] - Browser is opened with url: ''

2021-02-16 11:48:13 - [TEST_STEP][PASSED] - navigateToUrl("http://qainterview.pythonanywhere.com/"): Navigate to 'http://qainterview.pythonanywhere.com/' successfully

2021-02-16 11:48:15 - [MESSAGE][PASSED] - Navigate to 'http://qainterview.pythonanywhere.com/' successfully

2021-02-16 11:48:15 - [TEST_STEP][PASSED] - setText(findTestObject("Object Repository/Page_Factoriall/input_The greatest factorial calculator_number"), number): Text '1' is set on object 'Object Repository/Page_Factoriall/input_The greatest factorial calculator_number'

2021-02-16 11:48:16 - [MESSAGE][PASSED] - Text '1' is set on object 'Object Repository/Page_Factoriall/input_The greatest factorial calculator_number'

2021-02-16 11:48:16 - [TEST_STEP][PASSED] - click(findTestObject("Object Repository/Page_Factoriall/button_Calculate")): Object: 'Object Repository/Page_Factoriall/button_Calculate' is clicked on

2021-02-16 11:48:16 - [MESSAGE][PASSED] - Object: 'Object Repository/Page_Factoriall/button_Calculate' is clicked on

2021-02-16 11:48:16 - [TEST_STEP][PASSED] - closeBrowser(): Browser is closed

2021-02-16 11:48:17 - [MESSAGE][PASSED] - Browser is closed]]></system-out>
         <system-err><![CDATA[]]></system-err>
      </testcase>
      <testcase name="Test Cases/PruebaDatosVarios" time="10.327" classname="Test Cases/PruebaDatosVarios" status="PASSED">
         <system-out><![CDATA[2021-02-16 11:48:17 - [TEST_CASE][PASSED] - Test Cases/PruebaDatosVarios: Test Cases/PruebaDatosVarios

2021-02-16 11:48:17 - [TEST_STEP][PASSED] - openBrowser(""): Browser is opened with url: ''

2021-02-16 11:48:17 - [MESSAGE][INFO] - Starting 'Chrome' driver

2021-02-16 11:48:17 - [MESSAGE][INFO] - Action delay is set to 0 milliseconds

2021-02-16 11:48:23 - [MESSAGE][PASSED] - Browser is opened with url: ''

2021-02-16 11:48:23 - [TEST_STEP][PASSED] - navigateToUrl("http://qainterview.pythonanywhere.com/"): Navigate to 'http://qainterview.pythonanywhere.com/' successfully

2021-02-16 11:48:26 - [MESSAGE][PASSED] - Navigate to 'http://qainterview.pythonanywhere.com/' successfully

2021-02-16 11:48:26 - [TEST_STEP][PASSED] - setText(findTestObject("Object Repository/Page_Factoriall/input_The greatest factorial calculator_number"), number): Text '2' is set on object 'Object Repository/Page_Factoriall/input_The greatest factorial calculator_number'

2021-02-16 11:48:26 - [MESSAGE][PASSED] - Text '2' is set on object 'Object Repository/Page_Factoriall/input_The greatest factorial calculator_number'

2021-02-16 11:48:26 - [TEST_STEP][PASSED] - click(findTestObject("Object Repository/Page_Factoriall/button_Calculate")): Object: 'Object Repository/Page_Factoriall/button_Calculate' is clicked on

2021-02-16 11:48:26 - [MESSAGE][PASSED] - Object: 'Object Repository/Page_Factoriall/button_Calculate' is clicked on

2021-02-16 11:48:26 - [TEST_STEP][PASSED] - closeBrowser(): Browser is closed

2021-02-16 11:48:27 - [MESSAGE][PASSED] - Browser is closed]]></system-out>
         <system-err><![CDATA[]]></system-err>
      </testcase>
      <testcase name="Test Cases/PruebaDatosVarios" time="10.381" classname="Test Cases/PruebaDatosVarios" status="PASSED">
         <system-out><![CDATA[2021-02-16 11:48:27 - [TEST_CASE][PASSED] - Test Cases/PruebaDatosVarios: Test Cases/PruebaDatosVarios

2021-02-16 11:48:27 - [TEST_STEP][PASSED] - openBrowser(""): Browser is opened with url: ''

2021-02-16 11:48:27 - [MESSAGE][INFO] - Starting 'Chrome' driver

2021-02-16 11:48:27 - [MESSAGE][INFO] - Action delay is set to 0 milliseconds

2021-02-16 11:48:34 - [MESSAGE][PASSED] - Browser is opened with url: ''

2021-02-16 11:48:34 - [TEST_STEP][PASSED] - navigateToUrl("http://qainterview.pythonanywhere.com/"): Navigate to 'http://qainterview.pythonanywhere.com/' successfully

2021-02-16 11:48:36 - [MESSAGE][PASSED] - Navigate to 'http://qainterview.pythonanywhere.com/' successfully

2021-02-16 11:48:36 - [TEST_STEP][PASSED] - setText(findTestObject("Object Repository/Page_Factoriall/input_The greatest factorial calculator_number"), number): Text '1x0' is set on object 'Object Repository/Page_Factoriall/input_The greatest factorial calculator_number'

2021-02-16 11:48:37 - [MESSAGE][PASSED] - Text '1x0' is set on object 'Object Repository/Page_Factoriall/input_The greatest factorial calculator_number'

2021-02-16 11:48:37 - [TEST_STEP][PASSED] - click(findTestObject("Object Repository/Page_Factoriall/button_Calculate")): Object: 'Object Repository/Page_Factoriall/button_Calculate' is clicked on

2021-02-16 11:48:37 - [MESSAGE][PASSED] - Object: 'Object Repository/Page_Factoriall/button_Calculate' is clicked on

2021-02-16 11:48:37 - [TEST_STEP][PASSED] - closeBrowser(): Browser is closed

2021-02-16 11:48:38 - [MESSAGE][PASSED] - Browser is closed]]></system-out>
         <system-err><![CDATA[]]></system-err>
      </testcase>
      <testcase name="Test Cases/PruebaDatosVarios" time="10.239" classname="Test Cases/PruebaDatosVarios" status="PASSED">
         <system-out><![CDATA[2021-02-16 11:48:38 - [TEST_CASE][PASSED] - Test Cases/PruebaDatosVarios: Test Cases/PruebaDatosVarios

2021-02-16 11:48:38 - [TEST_STEP][PASSED] - openBrowser(""): Browser is opened with url: ''

2021-02-16 11:48:38 - [MESSAGE][INFO] - Starting 'Chrome' driver

2021-02-16 11:48:38 - [MESSAGE][INFO] - Action delay is set to 0 milliseconds

2021-02-16 11:48:44 - [MESSAGE][PASSED] - Browser is opened with url: ''

2021-02-16 11:48:44 - [TEST_STEP][PASSED] - navigateToUrl("http://qainterview.pythonanywhere.com/"): Navigate to 'http://qainterview.pythonanywhere.com/' successfully

2021-02-16 11:48:46 - [MESSAGE][PASSED] - Navigate to 'http://qainterview.pythonanywhere.com/' successfully

2021-02-16 11:48:46 - [TEST_STEP][PASSED] - setText(findTestObject("Object Repository/Page_Factoriall/input_The greatest factorial calculator_number"), number): Text '1x' is set on object 'Object Repository/Page_Factoriall/input_The greatest factorial calculator_number'

2021-02-16 11:48:47 - [MESSAGE][PASSED] - Text '1x' is set on object 'Object Repository/Page_Factoriall/input_The greatest factorial calculator_number'

2021-02-16 11:48:47 - [TEST_STEP][PASSED] - click(findTestObject("Object Repository/Page_Factoriall/button_Calculate")): Object: 'Object Repository/Page_Factoriall/button_Calculate' is clicked on

2021-02-16 11:48:47 - [MESSAGE][PASSED] - Object: 'Object Repository/Page_Factoriall/button_Calculate' is clicked on

2021-02-16 11:48:47 - [TEST_STEP][PASSED] - closeBrowser(): Browser is closed

2021-02-16 11:48:48 - [MESSAGE][PASSED] - Browser is closed]]></system-out>
         <system-err><![CDATA[]]></system-err>
      </testcase>
      <testcase name="Test Cases/PruebaDatosVarios" time="10.228" classname="Test Cases/PruebaDatosVarios" status="PASSED">
         <system-out><![CDATA[2021-02-16 11:48:48 - [TEST_CASE][PASSED] - Test Cases/PruebaDatosVarios: Test Cases/PruebaDatosVarios

2021-02-16 11:48:48 - [TEST_STEP][PASSED] - openBrowser(""): Browser is opened with url: ''

2021-02-16 11:48:48 - [MESSAGE][INFO] - Starting 'Chrome' driver

2021-02-16 11:48:48 - [MESSAGE][INFO] - Action delay is set to 0 milliseconds

2021-02-16 11:48:54 - [MESSAGE][PASSED] - Browser is opened with url: ''

2021-02-16 11:48:54 - [TEST_STEP][PASSED] - navigateToUrl("http://qainterview.pythonanywhere.com/"): Navigate to 'http://qainterview.pythonanywhere.com/' successfully

2021-02-16 11:48:56 - [MESSAGE][PASSED] - Navigate to 'http://qainterview.pythonanywhere.com/' successfully

2021-02-16 11:48:56 - [TEST_STEP][PASSED] - setText(findTestObject("Object Repository/Page_Factoriall/input_The greatest factorial calculator_number"), number): Text ' 01' is set on object 'Object Repository/Page_Factoriall/input_The greatest factorial calculator_number'

2021-02-16 11:48:57 - [MESSAGE][PASSED] - Text ' 01' is set on object 'Object Repository/Page_Factoriall/input_The greatest factorial calculator_number'

2021-02-16 11:48:57 - [TEST_STEP][PASSED] - click(findTestObject("Object Repository/Page_Factoriall/button_Calculate")): Object: 'Object Repository/Page_Factoriall/button_Calculate' is clicked on

2021-02-16 11:48:57 - [MESSAGE][PASSED] - Object: 'Object Repository/Page_Factoriall/button_Calculate' is clicked on

2021-02-16 11:48:57 - [TEST_STEP][PASSED] - closeBrowser(): Browser is closed

2021-02-16 11:48:58 - [MESSAGE][PASSED] - Browser is closed]]></system-out>
         <system-err><![CDATA[]]></system-err>
      </testcase>
      <testcase name="Test Cases/PruebaDatosVarios" time="10.241" classname="Test Cases/PruebaDatosVarios" status="PASSED">
         <system-out><![CDATA[2021-02-16 11:48:58 - [TEST_CASE][PASSED] - Test Cases/PruebaDatosVarios: Test Cases/PruebaDatosVarios

2021-02-16 11:48:58 - [TEST_STEP][PASSED] - openBrowser(""): Browser is opened with url: ''

2021-02-16 11:48:58 - [MESSAGE][INFO] - Starting 'Chrome' driver

2021-02-16 11:48:58 - [MESSAGE][INFO] - Action delay is set to 0 milliseconds

2021-02-16 11:49:04 - [MESSAGE][PASSED] - Browser is opened with url: ''

2021-02-16 11:49:04 - [TEST_STEP][PASSED] - navigateToUrl("http://qainterview.pythonanywhere.com/"): Navigate to 'http://qainterview.pythonanywhere.com/' successfully

2021-02-16 11:49:07 - [MESSAGE][PASSED] - Navigate to 'http://qainterview.pythonanywhere.com/' successfully

2021-02-16 11:49:07 - [TEST_STEP][PASSED] - setText(findTestObject("Object Repository/Page_Factoriall/input_The greatest factorial calculator_number"), number): Text '00009' is set on object 'Object Repository/Page_Factoriall/input_The greatest factorial calculator_number'

2021-02-16 11:49:07 - [MESSAGE][PASSED] - Text '00009' is set on object 'Object Repository/Page_Factoriall/input_The greatest factorial calculator_number'

2021-02-16 11:49:07 - [TEST_STEP][PASSED] - click(findTestObject("Object Repository/Page_Factoriall/button_Calculate")): Object: 'Object Repository/Page_Factoriall/button_Calculate' is clicked on

2021-02-16 11:49:08 - [MESSAGE][PASSED] - Object: 'Object Repository/Page_Factoriall/button_Calculate' is clicked on

2021-02-16 11:49:08 - [TEST_STEP][PASSED] - closeBrowser(): Browser is closed

2021-02-16 11:49:08 - [MESSAGE][PASSED] - Browser is closed]]></system-out>
         <system-err><![CDATA[]]></system-err>
      </testcase>
      <testcase name="Test Cases/PruebaDatosVarios" time="10.309" classname="Test Cases/PruebaDatosVarios" status="PASSED">
         <system-out><![CDATA[2021-02-16 11:49:08 - [TEST_CASE][PASSED] - Test Cases/PruebaDatosVarios: Test Cases/PruebaDatosVarios

2021-02-16 11:49:08 - [TEST_STEP][PASSED] - openBrowser(""): Browser is opened with url: ''

2021-02-16 11:49:08 - [MESSAGE][INFO] - Starting 'Chrome' driver

2021-02-16 11:49:08 - [MESSAGE][INFO] - Action delay is set to 0 milliseconds

2021-02-16 11:49:15 - [MESSAGE][PASSED] - Browser is opened with url: ''

2021-02-16 11:49:15 - [TEST_STEP][PASSED] - navigateToUrl("http://qainterview.pythonanywhere.com/"): Navigate to 'http://qainterview.pythonanywhere.com/' successfully

2021-02-16 11:49:17 - [MESSAGE][PASSED] - Navigate to 'http://qainterview.pythonanywhere.com/' successfully

2021-02-16 11:49:17 - [TEST_STEP][PASSED] - setText(findTestObject("Object Repository/Page_Factoriall/input_The greatest factorial calculator_number"), number): Text '0x0' is set on object 'Object Repository/Page_Factoriall/input_The greatest factorial calculator_number'

2021-02-16 11:49:18 - [MESSAGE][PASSED] - Text '0x0' is set on object 'Object Repository/Page_Factoriall/input_The greatest factorial calculator_number'

2021-02-16 11:49:18 - [TEST_STEP][PASSED] - click(findTestObject("Object Repository/Page_Factoriall/button_Calculate")): Object: 'Object Repository/Page_Factoriall/button_Calculate' is clicked on

2021-02-16 11:49:18 - [MESSAGE][PASSED] - Object: 'Object Repository/Page_Factoriall/button_Calculate' is clicked on

2021-02-16 11:49:18 - [TEST_STEP][PASSED] - closeBrowser(): Browser is closed

2021-02-16 11:49:19 - [MESSAGE][PASSED] - Browser is closed]]></system-out>
         <system-err><![CDATA[]]></system-err>
      </testcase>
      <testcase name="Test Cases/PruebaDatosVarios" time="10.161" classname="Test Cases/PruebaDatosVarios" status="PASSED">
         <system-out><![CDATA[2021-02-16 11:49:19 - [TEST_CASE][PASSED] - Test Cases/PruebaDatosVarios: Test Cases/PruebaDatosVarios

2021-02-16 11:49:19 - [TEST_STEP][PASSED] - openBrowser(""): Browser is opened with url: ''

2021-02-16 11:49:19 - [MESSAGE][INFO] - Starting 'Chrome' driver

2021-02-16 11:49:19 - [MESSAGE][INFO] - Action delay is set to 0 milliseconds

2021-02-16 11:49:25 - [MESSAGE][PASSED] - Browser is opened with url: ''

2021-02-16 11:49:25 - [TEST_STEP][PASSED] - navigateToUrl("http://qainterview.pythonanywhere.com/"): Navigate to 'http://qainterview.pythonanywhere.com/' successfully

2021-02-16 11:49:27 - [MESSAGE][PASSED] - Navigate to 'http://qainterview.pythonanywhere.com/' successfully

2021-02-16 11:49:27 - [TEST_STEP][PASSED] - setText(findTestObject("Object Repository/Page_Factoriall/input_The greatest factorial calculator_number"), number): Text '12h3' is set on object 'Object Repository/Page_Factoriall/input_The greatest factorial calculator_number'

2021-02-16 11:49:28 - [MESSAGE][PASSED] - Text '12h3' is set on object 'Object Repository/Page_Factoriall/input_The greatest factorial calculator_number'

2021-02-16 11:49:28 - [TEST_STEP][PASSED] - click(findTestObject("Object Repository/Page_Factoriall/button_Calculate")): Object: 'Object Repository/Page_Factoriall/button_Calculate' is clicked on

2021-02-16 11:49:28 - [MESSAGE][PASSED] - Object: 'Object Repository/Page_Factoriall/button_Calculate' is clicked on

2021-02-16 11:49:28 - [TEST_STEP][PASSED] - closeBrowser(): Browser is closed

2021-02-16 11:49:29 - [MESSAGE][PASSED] - Browser is closed]]></system-out>
         <system-err><![CDATA[]]></system-err>
      </testcase>
      <testcase name="Test Cases/PruebaDatosVarios" time="10.221" classname="Test Cases/PruebaDatosVarios" status="PASSED">
         <system-out><![CDATA[2021-02-16 11:49:29 - [TEST_CASE][PASSED] - Test Cases/PruebaDatosVarios: Test Cases/PruebaDatosVarios

2021-02-16 11:49:29 - [TEST_STEP][PASSED] - openBrowser(""): Browser is opened with url: ''

2021-02-16 11:49:29 - [MESSAGE][INFO] - Starting 'Chrome' driver

2021-02-16 11:49:29 - [MESSAGE][INFO] - Action delay is set to 0 milliseconds

2021-02-16 11:49:35 - [MESSAGE][PASSED] - Browser is opened with url: ''

2021-02-16 11:49:35 - [TEST_STEP][PASSED] - navigateToUrl("http://qainterview.pythonanywhere.com/"): Navigate to 'http://qainterview.pythonanywhere.com/' successfully

2021-02-16 11:49:37 - [MESSAGE][PASSED] - Navigate to 'http://qainterview.pythonanywhere.com/' successfully

2021-02-16 11:49:37 - [TEST_STEP][PASSED] - setText(findTestObject("Object Repository/Page_Factoriall/input_The greatest factorial calculator_number"), number): Text '1.02' is set on object 'Object Repository/Page_Factoriall/input_The greatest factorial calculator_number'

2021-02-16 11:49:38 - [MESSAGE][PASSED] - Text '1.02' is set on object 'Object Repository/Page_Factoriall/input_The greatest factorial calculator_number'

2021-02-16 11:49:38 - [TEST_STEP][PASSED] - click(findTestObject("Object Repository/Page_Factoriall/button_Calculate")): Object: 'Object Repository/Page_Factoriall/button_Calculate' is clicked on

2021-02-16 11:49:38 - [MESSAGE][PASSED] - Object: 'Object Repository/Page_Factoriall/button_Calculate' is clicked on

2021-02-16 11:49:38 - [TEST_STEP][PASSED] - closeBrowser(): Browser is closed

2021-02-16 11:49:39 - [MESSAGE][PASSED] - Browser is closed]]></system-out>
         <system-err><![CDATA[]]></system-err>
      </testcase>
      <testcase name="Test Cases/PruebaDatosVarios" time="10.224" classname="Test Cases/PruebaDatosVarios" status="PASSED">
         <system-out><![CDATA[2021-02-16 11:49:39 - [TEST_CASE][PASSED] - Test Cases/PruebaDatosVarios: Test Cases/PruebaDatosVarios

2021-02-16 11:49:39 - [TEST_STEP][PASSED] - openBrowser(""): Browser is opened with url: ''

2021-02-16 11:49:39 - [MESSAGE][INFO] - Starting 'Chrome' driver

2021-02-16 11:49:39 - [MESSAGE][INFO] - Action delay is set to 0 milliseconds

2021-02-16 11:49:45 - [MESSAGE][PASSED] - Browser is opened with url: ''

2021-02-16 11:49:45 - [TEST_STEP][PASSED] - navigateToUrl("http://qainterview.pythonanywhere.com/"): Navigate to 'http://qainterview.pythonanywhere.com/' successfully

2021-02-16 11:49:48 - [MESSAGE][PASSED] - Navigate to 'http://qainterview.pythonanywhere.com/' successfully

2021-02-16 11:49:48 - [TEST_STEP][PASSED] - setText(findTestObject("Object Repository/Page_Factoriall/input_The greatest factorial calculator_number"), number): Text '1,34' is set on object 'Object Repository/Page_Factoriall/input_The greatest factorial calculator_number'

2021-02-16 11:49:48 - [MESSAGE][PASSED] - Text '1,34' is set on object 'Object Repository/Page_Factoriall/input_The greatest factorial calculator_number'

2021-02-16 11:49:48 - [TEST_STEP][PASSED] - click(findTestObject("Object Repository/Page_Factoriall/button_Calculate")): Object: 'Object Repository/Page_Factoriall/button_Calculate' is clicked on

2021-02-16 11:49:49 - [MESSAGE][PASSED] - Object: 'Object Repository/Page_Factoriall/button_Calculate' is clicked on

2021-02-16 11:49:49 - [TEST_STEP][PASSED] - closeBrowser(): Browser is closed

2021-02-16 11:49:49 - [MESSAGE][PASSED] - Browser is closed]]></system-out>
         <system-err><![CDATA[]]></system-err>
      </testcase>
      <testcase name="Test Cases/PruebaDatosVarios" time="13.379" classname="Test Cases/PruebaDatosVarios" status="PASSED">
         <system-out><![CDATA[2021-02-16 11:49:49 - [TEST_CASE][PASSED] - Test Cases/PruebaDatosVarios: Test Cases/PruebaDatosVarios

2021-02-16 11:49:49 - [TEST_STEP][PASSED] - openBrowser(""): Browser is opened with url: ''

2021-02-16 11:49:49 - [MESSAGE][INFO] - Starting 'Chrome' driver

2021-02-16 11:49:49 - [MESSAGE][INFO] - Action delay is set to 0 milliseconds

2021-02-16 11:49:56 - [MESSAGE][PASSED] - Browser is opened with url: ''

2021-02-16 11:49:56 - [TEST_STEP][PASSED] - navigateToUrl("http://qainterview.pythonanywhere.com/"): Navigate to 'http://qainterview.pythonanywhere.com/' successfully

2021-02-16 11:50:01 - [MESSAGE][PASSED] - Navigate to 'http://qainterview.pythonanywhere.com/' successfully

2021-02-16 11:50:01 - [TEST_STEP][PASSED] - setText(findTestObject("Object Repository/Page_Factoriall/input_The greatest factorial calculator_number"), number): Text '1.00' is set on object 'Object Repository/Page_Factoriall/input_The greatest factorial calculator_number'

2021-02-16 11:50:02 - [MESSAGE][PASSED] - Text '1.00' is set on object 'Object Repository/Page_Factoriall/input_The greatest factorial calculator_number'

2021-02-16 11:50:02 - [TEST_STEP][PASSED] - click(findTestObject("Object Repository/Page_Factoriall/button_Calculate")): Object: 'Object Repository/Page_Factoriall/button_Calculate' is clicked on

2021-02-16 11:50:02 - [MESSAGE][PASSED] - Object: 'Object Repository/Page_Factoriall/button_Calculate' is clicked on

2021-02-16 11:50:02 - [TEST_STEP][PASSED] - closeBrowser(): Browser is closed

2021-02-16 11:50:03 - [MESSAGE][PASSED] - Browser is closed]]></system-out>
         <system-err><![CDATA[]]></system-err>
      </testcase>
      <testcase name="Test Cases/PruebaDatosVarios" time="10.245" classname="Test Cases/PruebaDatosVarios" status="PASSED">
         <system-out><![CDATA[2021-02-16 11:50:03 - [TEST_CASE][PASSED] - Test Cases/PruebaDatosVarios: Test Cases/PruebaDatosVarios

2021-02-16 11:50:03 - [TEST_STEP][PASSED] - openBrowser(""): Browser is opened with url: ''

2021-02-16 11:50:03 - [MESSAGE][INFO] - Starting 'Chrome' driver

2021-02-16 11:50:03 - [MESSAGE][INFO] - Action delay is set to 0 milliseconds

2021-02-16 11:50:09 - [MESSAGE][PASSED] - Browser is opened with url: ''

2021-02-16 11:50:09 - [TEST_STEP][PASSED] - navigateToUrl("http://qainterview.pythonanywhere.com/"): Navigate to 'http://qainterview.pythonanywhere.com/' successfully

2021-02-16 11:50:11 - [MESSAGE][PASSED] - Navigate to 'http://qainterview.pythonanywhere.com/' successfully

2021-02-16 11:50:11 - [TEST_STEP][PASSED] - setText(findTestObject("Object Repository/Page_Factoriall/input_The greatest factorial calculator_number"), number): Text '-1.33' is set on object 'Object Repository/Page_Factoriall/input_The greatest factorial calculator_number'

2021-02-16 11:50:12 - [MESSAGE][PASSED] - Text '-1.33' is set on object 'Object Repository/Page_Factoriall/input_The greatest factorial calculator_number'

2021-02-16 11:50:12 - [TEST_STEP][PASSED] - click(findTestObject("Object Repository/Page_Factoriall/button_Calculate")): Object: 'Object Repository/Page_Factoriall/button_Calculate' is clicked on

2021-02-16 11:50:12 - [MESSAGE][PASSED] - Object: 'Object Repository/Page_Factoriall/button_Calculate' is clicked on

2021-02-16 11:50:12 - [TEST_STEP][PASSED] - closeBrowser(): Browser is closed

2021-02-16 11:50:13 - [MESSAGE][PASSED] - Browser is closed]]></system-out>
         <system-err><![CDATA[]]></system-err>
      </testcase>
      <testcase name="Test Cases/PruebaDatosVarios" time="10.181" classname="Test Cases/PruebaDatosVarios" status="PASSED">
         <system-out><![CDATA[2021-02-16 11:50:13 - [TEST_CASE][PASSED] - Test Cases/PruebaDatosVarios: Test Cases/PruebaDatosVarios

2021-02-16 11:50:13 - [TEST_STEP][PASSED] - openBrowser(""): Browser is opened with url: ''

2021-02-16 11:50:13 - [MESSAGE][INFO] - Starting 'Chrome' driver

2021-02-16 11:50:13 - [MESSAGE][INFO] - Action delay is set to 0 milliseconds

2021-02-16 11:50:19 - [MESSAGE][PASSED] - Browser is opened with url: ''

2021-02-16 11:50:19 - [TEST_STEP][PASSED] - navigateToUrl("http://qainterview.pythonanywhere.com/"): Navigate to 'http://qainterview.pythonanywhere.com/' successfully

2021-02-16 11:50:21 - [MESSAGE][PASSED] - Navigate to 'http://qainterview.pythonanywhere.com/' successfully

2021-02-16 11:50:21 - [TEST_STEP][PASSED] - setText(findTestObject("Object Repository/Page_Factoriall/input_The greatest factorial calculator_number"), number): Text '--2' is set on object 'Object Repository/Page_Factoriall/input_The greatest factorial calculator_number'

2021-02-16 11:50:22 - [MESSAGE][PASSED] - Text '--2' is set on object 'Object Repository/Page_Factoriall/input_The greatest factorial calculator_number'

2021-02-16 11:50:22 - [TEST_STEP][PASSED] - click(findTestObject("Object Repository/Page_Factoriall/button_Calculate")): Object: 'Object Repository/Page_Factoriall/button_Calculate' is clicked on

2021-02-16 11:50:22 - [MESSAGE][PASSED] - Object: 'Object Repository/Page_Factoriall/button_Calculate' is clicked on

2021-02-16 11:50:22 - [TEST_STEP][PASSED] - closeBrowser(): Browser is closed

2021-02-16 11:50:23 - [MESSAGE][PASSED] - Browser is closed]]></system-out>
         <system-err><![CDATA[]]></system-err>
      </testcase>
      <testcase name="Test Cases/PruebaDatosVarios" time="12.199" classname="Test Cases/PruebaDatosVarios" status="PASSED">
         <system-out><![CDATA[2021-02-16 11:50:23 - [TEST_CASE][PASSED] - Test Cases/PruebaDatosVarios: Test Cases/PruebaDatosVarios

2021-02-16 11:50:23 - [TEST_STEP][PASSED] - openBrowser(""): Browser is opened with url: ''

2021-02-16 11:50:23 - [MESSAGE][INFO] - Starting 'Chrome' driver

2021-02-16 11:50:23 - [MESSAGE][INFO] - Action delay is set to 0 milliseconds

2021-02-16 11:50:29 - [MESSAGE][PASSED] - Browser is opened with url: ''

2021-02-16 11:50:29 - [TEST_STEP][PASSED] - navigateToUrl("http://qainterview.pythonanywhere.com/"): Navigate to 'http://qainterview.pythonanywhere.com/' successfully

2021-02-16 11:50:34 - [MESSAGE][PASSED] - Navigate to 'http://qainterview.pythonanywhere.com/' successfully

2021-02-16 11:50:34 - [TEST_STEP][PASSED] - setText(findTestObject("Object Repository/Page_Factoriall/input_The greatest factorial calculator_number"), number): Text '+33' is set on object 'Object Repository/Page_Factoriall/input_The greatest factorial calculator_number'

2021-02-16 11:50:34 - [MESSAGE][PASSED] - Text '+33' is set on object 'Object Repository/Page_Factoriall/input_The greatest factorial calculator_number'

2021-02-16 11:50:34 - [TEST_STEP][PASSED] - click(findTestObject("Object Repository/Page_Factoriall/button_Calculate")): Object: 'Object Repository/Page_Factoriall/button_Calculate' is clicked on

2021-02-16 11:50:35 - [MESSAGE][PASSED] - Object: 'Object Repository/Page_Factoriall/button_Calculate' is clicked on

2021-02-16 11:50:35 - [TEST_STEP][PASSED] - closeBrowser(): Browser is closed

2021-02-16 11:50:35 - [MESSAGE][PASSED] - Browser is closed]]></system-out>
         <system-err><![CDATA[]]></system-err>
      </testcase>
      <testcase name="Test Cases/PruebaDatosVarios" time="10.261" classname="Test Cases/PruebaDatosVarios" status="PASSED">
         <system-out><![CDATA[2021-02-16 11:50:35 - [TEST_CASE][PASSED] - Test Cases/PruebaDatosVarios: Test Cases/PruebaDatosVarios

2021-02-16 11:50:35 - [TEST_STEP][PASSED] - openBrowser(""): Browser is opened with url: ''

2021-02-16 11:50:35 - [MESSAGE][INFO] - Starting 'Chrome' driver

2021-02-16 11:50:35 - [MESSAGE][INFO] - Action delay is set to 0 milliseconds

2021-02-16 11:50:42 - [MESSAGE][PASSED] - Browser is opened with url: ''

2021-02-16 11:50:42 - [TEST_STEP][PASSED] - navigateToUrl("http://qainterview.pythonanywhere.com/"): Navigate to 'http://qainterview.pythonanywhere.com/' successfully

2021-02-16 11:50:44 - [MESSAGE][PASSED] - Navigate to 'http://qainterview.pythonanywhere.com/' successfully

2021-02-16 11:50:44 - [TEST_STEP][PASSED] - setText(findTestObject("Object Repository/Page_Factoriall/input_The greatest factorial calculator_number"), number): Text '=3' is set on object 'Object Repository/Page_Factoriall/input_The greatest factorial calculator_number'

2021-02-16 11:50:45 - [MESSAGE][PASSED] - Text '=3' is set on object 'Object Repository/Page_Factoriall/input_The greatest factorial calculator_number'

2021-02-16 11:50:45 - [TEST_STEP][PASSED] - click(findTestObject("Object Repository/Page_Factoriall/button_Calculate")): Object: 'Object Repository/Page_Factoriall/button_Calculate' is clicked on

2021-02-16 11:50:45 - [MESSAGE][PASSED] - Object: 'Object Repository/Page_Factoriall/button_Calculate' is clicked on

2021-02-16 11:50:45 - [TEST_STEP][PASSED] - closeBrowser(): Browser is closed

2021-02-16 11:50:46 - [MESSAGE][PASSED] - Browser is closed]]></system-out>
         <system-err><![CDATA[]]></system-err>
      </testcase>
      <testcase name="Test Cases/PruebaDatosVarios" time="10.358" classname="Test Cases/PruebaDatosVarios" status="PASSED">
         <system-out><![CDATA[2021-02-16 11:50:46 - [TEST_CASE][PASSED] - Test Cases/PruebaDatosVarios: Test Cases/PruebaDatosVarios

2021-02-16 11:50:46 - [TEST_STEP][PASSED] - openBrowser(""): Browser is opened with url: ''

2021-02-16 11:50:46 - [MESSAGE][INFO] - Starting 'Chrome' driver

2021-02-16 11:50:46 - [MESSAGE][INFO] - Action delay is set to 0 milliseconds

2021-02-16 11:50:52 - [MESSAGE][PASSED] - Browser is opened with url: ''

2021-02-16 11:50:52 - [TEST_STEP][PASSED] - navigateToUrl("http://qainterview.pythonanywhere.com/"): Navigate to 'http://qainterview.pythonanywhere.com/' successfully

2021-02-16 11:50:54 - [MESSAGE][PASSED] - Navigate to 'http://qainterview.pythonanywhere.com/' successfully

2021-02-16 11:50:54 - [TEST_STEP][PASSED] - setText(findTestObject("Object Repository/Page_Factoriall/input_The greatest factorial calculator_number"), number): Text '-4x0' is set on object 'Object Repository/Page_Factoriall/input_The greatest factorial calculator_number'

2021-02-16 11:50:55 - [MESSAGE][PASSED] - Text '-4x0' is set on object 'Object Repository/Page_Factoriall/input_The greatest factorial calculator_number'

2021-02-16 11:50:55 - [TEST_STEP][PASSED] - click(findTestObject("Object Repository/Page_Factoriall/button_Calculate")): Object: 'Object Repository/Page_Factoriall/button_Calculate' is clicked on

2021-02-16 11:50:55 - [MESSAGE][PASSED] - Object: 'Object Repository/Page_Factoriall/button_Calculate' is clicked on

2021-02-16 11:50:55 - [TEST_STEP][PASSED] - closeBrowser(): Browser is closed

2021-02-16 11:50:56 - [MESSAGE][PASSED] - Browser is closed]]></system-out>
         <system-err><![CDATA[]]></system-err>
      </testcase>
      <testcase name="Test Cases/PruebaDatosVarios" time="10.148" classname="Test Cases/PruebaDatosVarios" status="PASSED">
         <system-out><![CDATA[2021-02-16 11:50:56 - [TEST_CASE][PASSED] - Test Cases/PruebaDatosVarios: Test Cases/PruebaDatosVarios

2021-02-16 11:50:56 - [TEST_STEP][PASSED] - openBrowser(""): Browser is opened with url: ''

2021-02-16 11:50:56 - [MESSAGE][INFO] - Starting 'Chrome' driver

2021-02-16 11:50:56 - [MESSAGE][INFO] - Action delay is set to 0 milliseconds

2021-02-16 11:51:02 - [MESSAGE][PASSED] - Browser is opened with url: ''

2021-02-16 11:51:02 - [TEST_STEP][PASSED] - navigateToUrl("http://qainterview.pythonanywhere.com/"): Navigate to 'http://qainterview.pythonanywhere.com/' successfully

2021-02-16 11:51:04 - [MESSAGE][PASSED] - Navigate to 'http://qainterview.pythonanywhere.com/' successfully

2021-02-16 11:51:04 - [TEST_STEP][PASSED] - setText(findTestObject("Object Repository/Page_Factoriall/input_The greatest factorial calculator_number"), number): Text '-4*-5' is set on object 'Object Repository/Page_Factoriall/input_The greatest factorial calculator_number'

2021-02-16 11:51:05 - [MESSAGE][PASSED] - Text '-4*-5' is set on object 'Object Repository/Page_Factoriall/input_The greatest factorial calculator_number'

2021-02-16 11:51:05 - [TEST_STEP][PASSED] - click(findTestObject("Object Repository/Page_Factoriall/button_Calculate")): Object: 'Object Repository/Page_Factoriall/button_Calculate' is clicked on

2021-02-16 11:51:05 - [MESSAGE][PASSED] - Object: 'Object Repository/Page_Factoriall/button_Calculate' is clicked on

2021-02-16 11:51:05 - [TEST_STEP][PASSED] - closeBrowser(): Browser is closed

2021-02-16 11:51:06 - [MESSAGE][PASSED] - Browser is closed]]></system-out>
         <system-err><![CDATA[]]></system-err>
      </testcase>
      <system-out><![CDATA[2021-02-16 11:47:33 - [TEST_SUITE][PASSED] - PruebaConDatosVarios: Test Cases/PruebaDatosVarios]]></system-out>
      <system-err><![CDATA[]]></system-err>
   </testsuite>
</testsuites>
